<?xml version="1.0" encoding="UTF-8"?>
<!-- Generated by org.testng.reporters.JUnitReportReporter -->
<testsuite hostname="DESKTOP-E47PPVB" name="com.cashkaro.tests.JoinNow.VerifyJoinFromTopNavTest" tests="2" failures="0" timestamp="12 Feb 2016 09:36:44 GMT" time="9.961" errors="0">
  <testcase name="verifyJoinFormConfirmEmailErrorTest" time="4.934" classname="com.cashkaro.tests.JoinNow.VerifyJoinFromTopNavTest"/>
  <testcase name="verifyJoinFromBannerSectionInvalidTest" time="5.027" classname="com.cashkaro.tests.JoinNow.VerifyJoinFromTopNavTest"/>
</testsuite> <!-- com.cashkaro.tests.JoinNow.VerifyJoinFromTopNavTest -->
