<?xml version="1.0" encoding="UTF-8"?>
<!-- Generated by org.testng.reporters.JUnitReportReporter -->
<testsuite hostname="DESKTOP-E47PPVB" name="com.cashkaro.tests.JoinNow.VerifyJoinFromBannerSectionTest" tests="2" failures="0" timestamp="12 Feb 2016 09:36:44 GMT" time="12.826" errors="0">
  <testcase name="verifyJoinFormConfirmEmailErrorTest" time="7.046" classname="com.cashkaro.tests.JoinNow.VerifyJoinFromBannerSectionTest"/>
  <testcase name="verifyJoinFromBannerSectionInvalidTest" time="5.780" classname="com.cashkaro.tests.JoinNow.VerifyJoinFromBannerSectionTest"/>
</testsuite> <!-- com.cashkaro.tests.JoinNow.VerifyJoinFromBannerSectionTest -->
