<?xml version="1.0" encoding="UTF-8"?>
<!-- Generated by org.testng.reporters.JUnitReportReporter -->
<testsuite hostname="DESKTOP-E47PPVB" name="com.cashkaro.tests.login.LoginTest" tests="5" failures="0" timestamp="12 Feb 2016 09:36:44 GMT" time="24.008" errors="0">
  <testcase name="verifyLoginElementsTest" time="3.779" classname="com.cashkaro.tests.login.LoginTest"/>
  <testcase name="verifyLoginTest" time="9.035" classname="com.cashkaro.tests.login.LoginTest"/>
  <testcase name="verifyInvalidLoginTest" time="3.475" classname="com.cashkaro.tests.login.LoginTest"/>
  <testcase name="verifyInvalidLoginTest" time="3.749" classname="com.cashkaro.tests.login.LoginTest"/>
  <testcase name="verifyInvalidLoginTest" time="3.970" classname="com.cashkaro.tests.login.LoginTest"/>
</testsuite> <!-- com.cashkaro.tests.login.LoginTest -->
